{
  "stats": {
    "suites": 1,
    "tests": 1,
    "passes": 1,
    "pending": 0,
    "failures": 0,
    "start": "2021-04-29T19:28:36.881Z",
    "end": "2021-04-29T19:29:04.396Z",
    "duration": 27515,
    "testsRegistered": 1,
    "passPercent": 100,
    "pendingPercent": 0,
    "other": 0,
    "hasOther": false,
    "skipped": 0,
    "hasSkipped": false
  },
  "results": [
    {
      "uuid": "7a9abafc-9032-4f09-b119-a52d933c733e",
      "title": "",
      "fullFile": "cypress/integration/cadastro.spec.js",
      "file": "cypress/integration/cadastro.spec.js",
      "beforeHooks": [],
      "afterHooks": [],
      "tests": [],
      "suites": [
        {
          "uuid": "bc40bc0d-4cdb-49d0-b1b4-239a7992ac02",
          "title": "Cadastrar um novo usuário",
          "fullFile": "",
          "file": "",
          "beforeHooks": [],
          "afterHooks": [],
          "tests": [
            {
              "title": "Acessar homepage, clicar em login, selecionar a opcao de criar uma conta",
              "fullTitle": "Cadastrar um novo usuário Acessar homepage, clicar em login, selecionar a opcao de criar uma conta",
              "timedOut": null,
              "duration": 27370,
              "state": "passed",
              "speed": "slow",
              "pass": true,
              "fail": false,
              "pending": false,
              "context": null,
              "code": "cy.visit('baseUrl');\ncy.get('div[class*=header_user_info]').click();\ncy.get('div[class*=form-group] input#email_create').type(chance.email());\ncy.get('button#SubmitCreate').click();\ncy.get('input[type=radio]').check('1');\ncy.get('input#customer_firstname').type(chance.first());\ncy.get('input#customer_lastname').type(chance.last());\ncy.get('input#passwd').type(userpassword);\ncy.get('div[class*=selector] #days').select('22');\ncy.get('div[class*=selector] #months').select('April');\ncy.get('div[class*=selector] #years').select('1989');\ncy.get('input#address1').type(chance.address());\ncy.get('input#city').type(chance.city());\ncy.get('div[class*=selector] #id_state').select('Illinois');\ncy.get('input#postcode').type(10022);\ncy.get('div[class*=account_creation] #other').type(chance.phone({\n  formatted: false\n}));\ncy.get('input#phone_mobile').type(chance.phone({\n  formatted: false\n}));\ncy.get('input#alias').type(chance.address());\ncy.get('button#submitAccount').click();\ncy.url().should(\"contain\", \"?controller=my-account\", {\n  timeout: 8000\n});\ncy.get('div#center_column [class*=info-account]').should('contain', \"Welcome to your account. Here you can manage all of your personal information and orders.\");",
              "err": {},
              "uuid": "bbc970ec-01a0-46f5-83b9-7910d5a53859",
              "parentUUID": "bc40bc0d-4cdb-49d0-b1b4-239a7992ac02",
              "isHook": false,
              "skipped": false
            }
          ],
          "suites": [],
          "passes": [
            "bbc970ec-01a0-46f5-83b9-7910d5a53859"
          ],
          "failures": [],
          "pending": [],
          "skipped": [],
          "duration": 27370,
          "root": false,
          "rootEmpty": false,
          "_timeout": 2000
        }
      ],
      "passes": [],
      "failures": [],
      "pending": [],
      "skipped": [],
      "duration": 0,
      "root": true,
      "rootEmpty": true,
      "_timeout": 2000
    }
  ],
  "meta": {
    "mocha": {
      "version": "7.0.1"
    },
    "mochawesome": {
      "options": {
        "quiet": true,
        "reportFilename": "mochawesome",
        "saveHtml": false,
        "saveJson": true,
        "consoleReporter": "spec",
        "useInlineDiffs": false,
        "code": true
      },
      "version": "6.2.2"
    },
    "marge": {
      "options": {
        "id": "default",
        "reportDir": "mochawesome-report",
        "quiet": true,
        "overwrite": false,
        "html": false,
        "json": true
      },
      "version": "5.2.0"
    }
  }
}